[2022-03-20 21:16:26] local.ERROR: SQLSTATE[22P02]: Invalid text representation: 7 ERROR:  invalid input syntax for type bigint: "undefined"
CONTEXT:  unnamed portal parameter $1 = '...' (SQL: select * from "news" where "news"."id" = undefined limit 1) {"exception":"[object] (Illuminate\\Database\\QueryException(code: 22P02): SQLSTATE[22P02]: Invalid text representation: 7 ERROR:  invalid input syntax for type bigint: \"undefined\"
CONTEXT:  unnamed portal parameter $1 = '...' (SQL: select * from \"news\" where \"news\".\"id\" = undefined limit 1) at C:\\Users\\Tolga\\Desktop\\PhpNext\\apiserver\\vendor\\illuminate\\database\\Connection.php:716)
[stacktrace]
#0 C:\\Users\\Tolga\\Desktop\\PhpNext\\apiserver\\vendor\\illuminate\\database\\Connection.php(676): Illuminate\\Database\\Connection->runQueryCallback('select * from \"...', Array, Object(Closure))
#1 C:\\Users\\Tolga\\Desktop\\PhpNext\\apiserver\\vendor\\illuminate\\database\\Connection.php(376): Illuminate\\Database\\Connection->run('select * from \"...', Array, Object(Closure))
#2 C:\\Users\\Tolga\\Desktop\\PhpNext\\apiserver\\vendor\\illuminate\\database\\Query\\Builder.php(2556): Illuminate\\Database\\Connection->select('select * from \"...', Array, true)
#3 C:\\Users\\Tolga\\Desktop\\PhpNext\\apiserver\\vendor\\illuminate\\database\\Query\\Builder.php(2544): Illuminate\\Database\\Query\\Builder->runSelect()
#4 C:\\Users\\Tolga\\Desktop\\PhpNext\\apiserver\\vendor\\illuminate\\database\\Query\\Builder.php(3078): Illuminate\\Database\\Query\\Builder->Illuminate\\Database\\Query\\{closure}()
#5 C:\\Users\\Tolga\\Desktop\\PhpNext\\apiserver\\vendor\\illuminate\\database\\Query\\Builder.php(2545): Illuminate\\Database\\Query\\Builder->onceWithColumns(Array, Object(Closure))
#6 C:\\Users\\Tolga\\Desktop\\PhpNext\\apiserver\\vendor\\illuminate\\database\\Eloquent\\Builder.php(675): Illuminate\\Database\\Query\\Builder->get(Array)
#7 C:\\Users\\Tolga\\Desktop\\PhpNext\\apiserver\\vendor\\illuminate\\database\\Eloquent\\Builder.php(659): Illuminate\\Database\\Eloquent\\Builder->getModels(Array)
#8 C:\\Users\\Tolga\\Desktop\\PhpNext\\apiserver\\vendor\\illuminate\\database\\Concerns\\BuildsQueries.php(296): Illuminate\\Database\\Eloquent\\Builder->get(Array)
#9 C:\\Users\\Tolga\\Desktop\\PhpNext\\apiserver\\vendor\\illuminate\\database\\Eloquent\\Builder.php(430): Illuminate\\Database\\Eloquent\\Builder->first(Array)
#10 C:\\Users\\Tolga\\Desktop\\PhpNext\\apiserver\\vendor\\illuminate\\support\\Traits\\ForwardsCalls.php(23): Illuminate\\Database\\Eloquent\\Builder->find('undefined')
#11 C:\\Users\\Tolga\\Desktop\\PhpNext\\apiserver\\vendor\\illuminate\\database\\Eloquent\\Model.php(2133): Illuminate\\Database\\Eloquent\\Model->forwardCallTo(Object(Illuminate\\Database\\Eloquent\\Builder), 'find', Array)
#12 C:\\Users\\Tolga\\Desktop\\PhpNext\\apiserver\\vendor\\illuminate\\database\\Eloquent\\Model.php(2145): Illuminate\\Database\\Eloquent\\Model->__call('find', Array)
#13 C:\\Users\\Tolga\\Desktop\\PhpNext\\apiserver\\app\\Http\\Controllers\\NewsController.php(27): Illuminate\\Database\\Eloquent\\Model::__callStatic('find', Array)
#14 C:\\Users\\Tolga\\Desktop\\PhpNext\\apiserver\\vendor\\illuminate\\container\\BoundMethod.php(36): App\\Http\\Controllers\\NewsController->getNews('undefined')
#15 C:\\Users\\Tolga\\Desktop\\PhpNext\\apiserver\\vendor\\illuminate\\container\\Util.php(41): Illuminate\\Container\\BoundMethod::Illuminate\\Container\\{closure}()
#16 C:\\Users\\Tolga\\Desktop\\PhpNext\\apiserver\\vendor\\illuminate\\container\\BoundMethod.php(93): Illuminate\\Container\\Util::unwrapIfClosure(Object(Closure))
#17 C:\\Users\\Tolga\\Desktop\\PhpNext\\apiserver\\vendor\\illuminate\\container\\BoundMethod.php(37): Illuminate\\Container\\BoundMethod::callBoundMethod(Object(Laravel\\Lumen\\Application), Array, Object(Closure))
#18 C:\\Users\\Tolga\\Desktop\\PhpNext\\apiserver\\vendor\\illuminate\\container\\Container.php(653): Illuminate\\Container\\BoundMethod::call(Object(Laravel\\Lumen\\Application), Array, Array, NULL)
#19 C:\\Users\\Tolga\\Desktop\\PhpNext\\apiserver\\vendor\\laravel\\lumen-framework\\src\\Concerns\\RoutesRequests.php(389): Illuminate\\Container\\Container->call(Array, Array)
#20 C:\\Users\\Tolga\\Desktop\\PhpNext\\apiserver\\vendor\\laravel\\lumen-framework\\src\\Concerns\\RoutesRequests.php(355): Laravel\\Lumen\\Application->callControllerCallable(Array, Array)
#21 C:\\Users\\Tolga\\Desktop\\PhpNext\\apiserver\\vendor\\laravel\\lumen-framework\\src\\Concerns\\RoutesRequests.php(329): Laravel\\Lumen\\Application->callLumenController(Object(App\\Http\\Controllers\\NewsController), 'getNews', Array)
#22 C:\\Users\\Tolga\\Desktop\\PhpNext\\apiserver\\vendor\\laravel\\lumen-framework\\src\\Concerns\\RoutesRequests.php(282): Laravel\\Lumen\\Application->callControllerAction(Array)
#23 C:\\Users\\Tolga\\Desktop\\PhpNext\\apiserver\\vendor\\laravel\\lumen-framework\\src\\Concerns\\RoutesRequests.php(267): Laravel\\Lumen\\Application->callActionOnArrayBasedRoute(Array)
#24 C:\\Users\\Tolga\\Desktop\\PhpNext\\apiserver\\vendor\\laravel\\lumen-framework\\src\\Concerns\\RoutesRequests.php(237): Laravel\\Lumen\\Application->handleFoundRoute(Array)
#25 C:\\Users\\Tolga\\Desktop\\PhpNext\\apiserver\\vendor\\laravel\\lumen-framework\\src\\Concerns\\RoutesRequests.php(173): Laravel\\Lumen\\Application->handleDispatcherResponse(Array)
#26 C:\\Users\\Tolga\\Desktop\\PhpNext\\apiserver\\vendor\\laravel\\lumen-framework\\src\\Routing\\Pipeline.php(48): Laravel\\Lumen\\Application->Laravel\\Lumen\\Concerns\\{closure}(Object(Laravel\\Lumen\\Http\\Request))
#27 C:\\Users\\Tolga\\Desktop\\PhpNext\\apiserver\\app\\Http\\Middleware\\CorsMiddleware.php(29): Laravel\\Lumen\\Routing\\Pipeline->Laravel\\Lumen\\Routing\\{closure}(Object(Laravel\\Lumen\\Http\\Request))
#28 C:\\Users\\Tolga\\Desktop\\PhpNext\\apiserver\\vendor\\illuminate\\pipeline\\Pipeline.php(180): App\\Http\\Middleware\\CorsMiddleware->handle(Object(Laravel\\Lumen\\Http\\Request), Object(Closure))
#29 C:\\Users\\Tolga\\Desktop\\PhpNext\\apiserver\\vendor\\laravel\\lumen-framework\\src\\Routing\\Pipeline.php(30): Illuminate\\Pipeline\\Pipeline->Illuminate\\Pipeline\\{closure}(Object(Laravel\\Lumen\\Http\\Request))
#30 C:\\Users\\Tolga\\Desktop\\PhpNext\\apiserver\\vendor\\illuminate\\pipeline\\Pipeline.php(116): Laravel\\Lumen\\Routing\\Pipeline->Laravel\\Lumen\\Routing\\{closure}(Object(Laravel\\Lumen\\Http\\Request))
#31 C:\\Users\\Tolga\\Desktop\\PhpNext\\apiserver\\vendor\\laravel\\lumen-framework\\src\\Concerns\\RoutesRequests.php(426): Illuminate\\Pipeline\\Pipeline->then(Object(Closure))
#32 C:\\Users\\Tolga\\Desktop\\PhpNext\\apiserver\\vendor\\laravel\\lumen-framework\\src\\Concerns\\RoutesRequests.php(175): Laravel\\Lumen\\Application->sendThroughPipeline(Array, Object(Closure))
#33 C:\\Users\\Tolga\\Desktop\\PhpNext\\apiserver\\vendor\\laravel\\lumen-framework\\src\\Concerns\\RoutesRequests.php(112): Laravel\\Lumen\\Application->dispatch(NULL)
#34 C:\\Users\\Tolga\\Desktop\\PhpNext\\apiserver\\public\\index.php(28): Laravel\\Lumen\\Application->run()
#35 {main}

[previous exception] [object] (PDOException(code: 22P02): SQLSTATE[22P02]: Invalid text representation: 7 ERROR:  invalid input syntax for type bigint: \"undefined\"
CONTEXT:  unnamed portal parameter $1 = '...' at C:\\Users\\Tolga\\Desktop\\PhpNext\\apiserver\\vendor\\illuminate\\database\\Connection.php:373)
[stacktrace]
#0 C:\\Users\\Tolga\\Desktop\\PhpNext\\apiserver\\vendor\\illuminate\\database\\Connection.php(373): PDOStatement->execute()
#1 C:\\Users\\Tolga\\Desktop\\PhpNext\\apiserver\\vendor\\illuminate\\database\\Connection.php(709): Illuminate\\Database\\Connection->Illuminate\\Database\\{closure}('select * from \"...', Array)
#2 C:\\Users\\Tolga\\Desktop\\PhpNext\\apiserver\\vendor\\illuminate\\database\\Connection.php(676): Illuminate\\Database\\Connection->runQueryCallback('select * from \"...', Array, Object(Closure))
#3 C:\\Users\\Tolga\\Desktop\\PhpNext\\apiserver\\vendor\\illuminate\\database\\Connection.php(376): Illuminate\\Database\\Connection->run('select * from \"...', Array, Object(Closure))
#4 C:\\Users\\Tolga\\Desktop\\PhpNext\\apiserver\\vendor\\illuminate\\database\\Query\\Builder.php(2556): Illuminate\\Database\\Connection->select('select * from \"...', Array, true)
#5 C:\\Users\\Tolga\\Desktop\\PhpNext\\apiserver\\vendor\\illuminate\\database\\Query\\Builder.php(2544): Illuminate\\Database\\Query\\Builder->runSelect()
#6 C:\\Users\\Tolga\\Desktop\\PhpNext\\apiserver\\vendor\\illuminate\\database\\Query\\Builder.php(3078): Illuminate\\Database\\Query\\Builder->Illuminate\\Database\\Query\\{closure}()
#7 C:\\Users\\Tolga\\Desktop\\PhpNext\\apiserver\\vendor\\illuminate\\database\\Query\\Builder.php(2545): Illuminate\\Database\\Query\\Builder->onceWithColumns(Array, Object(Closure))
#8 C:\\Users\\Tolga\\Desktop\\PhpNext\\apiserver\\vendor\\illuminate\\database\\Eloquent\\Builder.php(675): Illuminate\\Database\\Query\\Builder->get(Array)
#9 C:\\Users\\Tolga\\Desktop\\PhpNext\\apiserver\\vendor\\illuminate\\database\\Eloquent\\Builder.php(659): Illuminate\\Database\\Eloquent\\Builder->getModels(Array)
#10 C:\\Users\\Tolga\\Desktop\\PhpNext\\apiserver\\vendor\\illuminate\\database\\Concerns\\BuildsQueries.php(296): Illuminate\\Database\\Eloquent\\Builder->get(Array)
#11 C:\\Users\\Tolga\\Desktop\\PhpNext\\apiserver\\vendor\\illuminate\\database\\Eloquent\\Builder.php(430): Illuminate\\Database\\Eloquent\\Builder->first(Array)
#12 C:\\Users\\Tolga\\Desktop\\PhpNext\\apiserver\\vendor\\illuminate\\support\\Traits\\ForwardsCalls.php(23): Illuminate\\Database\\Eloquent\\Builder->find('undefined')
#13 C:\\Users\\Tolga\\Desktop\\PhpNext\\apiserver\\vendor\\illuminate\\database\\Eloquent\\Model.php(2133): Illuminate\\Database\\Eloquent\\Model->forwardCallTo(Object(Illuminate\\Database\\Eloquent\\Builder), 'find', Array)
#14 C:\\Users\\Tolga\\Desktop\\PhpNext\\apiserver\\vendor\\illuminate\\database\\Eloquent\\Model.php(2145): Illuminate\\Database\\Eloquent\\Model->__call('find', Array)
#15 C:\\Users\\Tolga\\Desktop\\PhpNext\\apiserver\\app\\Http\\Controllers\\NewsController.php(27): Illuminate\\Database\\Eloquent\\Model::__callStatic('find', Array)
#16 C:\\Users\\Tolga\\Desktop\\PhpNext\\apiserver\\vendor\\illuminate\\container\\BoundMethod.php(36): App\\Http\\Controllers\\NewsController->getNews('undefined')
#17 C:\\Users\\Tolga\\Desktop\\PhpNext\\apiserver\\vendor\\illuminate\\container\\Util.php(41): Illuminate\\Container\\BoundMethod::Illuminate\\Container\\{closure}()
#18 C:\\Users\\Tolga\\Desktop\\PhpNext\\apiserver\\vendor\\illuminate\\container\\BoundMethod.php(93): Illuminate\\Container\\Util::unwrapIfClosure(Object(Closure))
#19 C:\\Users\\Tolga\\Desktop\\PhpNext\\apiserver\\vendor\\illuminate\\container\\BoundMethod.php(37): Illuminate\\Container\\BoundMethod::callBoundMethod(Object(Laravel\\Lumen\\Application), Array, Object(Closure))
#20 C:\\Users\\Tolga\\Desktop\\PhpNext\\apiserver\\vendor\\illuminate\\container\\Container.php(653): Illuminate\\Container\\BoundMethod::call(Object(Laravel\\Lumen\\Application), Array, Array, NULL)
#21 C:\\Users\\Tolga\\Desktop\\PhpNext\\apiserver\\vendor\\laravel\\lumen-framework\\src\\Concerns\\RoutesRequests.php(389): Illuminate\\Container\\Container->call(Array, Array)
#22 C:\\Users\\Tolga\\Desktop\\PhpNext\\apiserver\\vendor\\laravel\\lumen-framework\\src\\Concerns\\RoutesRequests.php(355): Laravel\\Lumen\\Application->callControllerCallable(Array, Array)
#23 C:\\Users\\Tolga\\Desktop\\PhpNext\\apiserver\\vendor\\laravel\\lumen-framework\\src\\Concerns\\RoutesRequests.php(329): Laravel\\Lumen\\Application->callLumenController(Object(App\\Http\\Controllers\\NewsController), 'getNews', Array)
#24 C:\\Users\\Tolga\\Desktop\\PhpNext\\apiserver\\vendor\\laravel\\lumen-framework\\src\\Concerns\\RoutesRequests.php(282): Laravel\\Lumen\\Application->callControllerAction(Array)
#25 C:\\Users\\Tolga\\Desktop\\PhpNext\\apiserver\\vendor\\laravel\\lumen-framework\\src\\Concerns\\RoutesRequests.php(267): Laravel\\Lumen\\Application->callActionOnArrayBasedRoute(Array)
#26 C:\\Users\\Tolga\\Desktop\\PhpNext\\apiserver\\vendor\\laravel\\lumen-framework\\src\\Concerns\\RoutesRequests.php(237): Laravel\\Lumen\\Application->handleFoundRoute(Array)
#27 C:\\Users\\Tolga\\Desktop\\PhpNext\\apiserver\\vendor\\laravel\\lumen-framework\\src\\Concerns\\RoutesRequests.php(173): Laravel\\Lumen\\Application->handleDispatcherResponse(Array)
#28 C:\\Users\\Tolga\\Desktop\\PhpNext\\apiserver\\vendor\\laravel\\lumen-framework\\src\\Routing\\Pipeline.php(48): Laravel\\Lumen\\Application->Laravel\\Lumen\\Concerns\\{closure}(Object(Laravel\\Lumen\\Http\\Request))
#29 C:\\Users\\Tolga\\Desktop\\PhpNext\\apiserver\\app\\Http\\Middleware\\CorsMiddleware.php(29): Laravel\\Lumen\\Routing\\Pipeline->Laravel\\Lumen\\Routing\\{closure}(Object(Laravel\\Lumen\\Http\\Request))
#30 C:\\Users\\Tolga\\Desktop\\PhpNext\\apiserver\\vendor\\illuminate\\pipeline\\Pipeline.php(180): App\\Http\\Middleware\\CorsMiddleware->handle(Object(Laravel\\Lumen\\Http\\Request), Object(Closure))
#31 C:\\Users\\Tolga\\Desktop\\PhpNext\\apiserver\\vendor\\laravel\\lumen-framework\\src\\Routing\\Pipeline.php(30): Illuminate\\Pipeline\\Pipeline->Illuminate\\Pipeline\\{closure}(Object(Laravel\\Lumen\\Http\\Request))
#32 C:\\Users\\Tolga\\Desktop\\PhpNext\\apiserver\\vendor\\illuminate\\pipeline\\Pipeline.php(116): Laravel\\Lumen\\Routing\\Pipeline->Laravel\\Lumen\\Routing\\{closure}(Object(Laravel\\Lumen\\Http\\Request))
#33 C:\\Users\\Tolga\\Desktop\\PhpNext\\apiserver\\vendor\\laravel\\lumen-framework\\src\\Concerns\\RoutesRequests.php(426): Illuminate\\Pipeline\\Pipeline->then(Object(Closure))
#34 C:\\Users\\Tolga\\Desktop\\PhpNext\\apiserver\\vendor\\laravel\\lumen-framework\\src\\Concerns\\RoutesRequests.php(175): Laravel\\Lumen\\Application->sendThroughPipeline(Array, Object(Closure))
#35 C:\\Users\\Tolga\\Desktop\\PhpNext\\apiserver\\vendor\\laravel\\lumen-framework\\src\\Concerns\\RoutesRequests.php(112): Laravel\\Lumen\\Application->dispatch(NULL)
#36 C:\\Users\\Tolga\\Desktop\\PhpNext\\apiserver\\public\\index.php(28): Laravel\\Lumen\\Application->run()
#37 {main}
"} 
[2022-03-20 21:16:28] local.ERROR: SQLSTATE[22P02]: Invalid text representation: 7 ERROR:  invalid input syntax for type bigint: "undefined"
CONTEXT:  unnamed portal parameter $1 = '...' (SQL: select * from "news" where "news"."id" = undefined limit 1) {"exception":"[object] (Illuminate\\Database\\QueryException(code: 22P02): SQLSTATE[22P02]: Invalid text representation: 7 ERROR:  invalid input syntax for type bigint: \"undefined\"
CONTEXT:  unnamed portal parameter $1 = '...' (SQL: select * from \"news\" where \"news\".\"id\" = undefined limit 1) at C:\\Users\\Tolga\\Desktop\\PhpNext\\apiserver\\vendor\\illuminate\\database\\Connection.php:716)
[stacktrace]
#0 C:\\Users\\Tolga\\Desktop\\PhpNext\\apiserver\\vendor\\illuminate\\database\\Connection.php(676): Illuminate\\Database\\Connection->runQueryCallback('select * from \"...', Array, Object(Closure))
#1 C:\\Users\\Tolga\\Desktop\\PhpNext\\apiserver\\vendor\\illuminate\\database\\Connection.php(376): Illuminate\\Database\\Connection->run('select * from \"...', Array, Object(Closure))
#2 C:\\Users\\Tolga\\Desktop\\PhpNext\\apiserver\\vendor\\illuminate\\database\\Query\\Builder.php(2556): Illuminate\\Database\\Connection->select('select * from \"...', Array, true)
#3 C:\\Users\\Tolga\\Desktop\\PhpNext\\apiserver\\vendor\\illuminate\\database\\Query\\Builder.php(2544): Illuminate\\Database\\Query\\Builder->runSelect()
#4 C:\\Users\\Tolga\\Desktop\\PhpNext\\apiserver\\vendor\\illuminate\\database\\Query\\Builder.php(3078): Illuminate\\Database\\Query\\Builder->Illuminate\\Database\\Query\\{closure}()
#5 C:\\Users\\Tolga\\Desktop\\PhpNext\\apiserver\\vendor\\illuminate\\database\\Query\\Builder.php(2545): Illuminate\\Database\\Query\\Builder->onceWithColumns(Array, Object(Closure))
#6 C:\\Users\\Tolga\\Desktop\\PhpNext\\apiserver\\vendor\\illuminate\\database\\Eloquent\\Builder.php(675): Illuminate\\Database\\Query\\Builder->get(Array)
#7 C:\\Users\\Tolga\\Desktop\\PhpNext\\apiserver\\vendor\\illuminate\\database\\Eloquent\\Builder.php(659): Illuminate\\Database\\Eloquent\\Builder->getModels(Array)
#8 C:\\Users\\Tolga\\Desktop\\PhpNext\\apiserver\\vendor\\illuminate\\database\\Concerns\\BuildsQueries.php(296): Illuminate\\Database\\Eloquent\\Builder->get(Array)
#9 C:\\Users\\Tolga\\Desktop\\PhpNext\\apiserver\\vendor\\illuminate\\database\\Eloquent\\Builder.php(430): Illuminate\\Database\\Eloquent\\Builder->first(Array)
#10 C:\\Users\\Tolga\\Desktop\\PhpNext\\apiserver\\vendor\\illuminate\\support\\Traits\\ForwardsCalls.php(23): Illuminate\\Database\\Eloquent\\Builder->find('undefined')
#11 C:\\Users\\Tolga\\Desktop\\PhpNext\\apiserver\\vendor\\illuminate\\database\\Eloquent\\Model.php(2133): Illuminate\\Database\\Eloquent\\Model->forwardCallTo(Object(Illuminate\\Database\\Eloquent\\Builder), 'find', Array)
#12 C:\\Users\\Tolga\\Desktop\\PhpNext\\apiserver\\vendor\\illuminate\\database\\Eloquent\\Model.php(2145): Illuminate\\Database\\Eloquent\\Model->__call('find', Array)
#13 C:\\Users\\Tolga\\Desktop\\PhpNext\\apiserver\\app\\Http\\Controllers\\NewsController.php(27): Illuminate\\Database\\Eloquent\\Model::__callStatic('find', Array)
#14 C:\\Users\\Tolga\\Desktop\\PhpNext\\apiserver\\vendor\\illuminate\\container\\BoundMethod.php(36): App\\Http\\Controllers\\NewsController->getNews('undefined')
#15 C:\\Users\\Tolga\\Desktop\\PhpNext\\apiserver\\vendor\\illuminate\\container\\Util.php(41): Illuminate\\Container\\BoundMethod::Illuminate\\Container\\{closure}()
#16 C:\\Users\\Tolga\\Desktop\\PhpNext\\apiserver\\vendor\\illuminate\\container\\BoundMethod.php(93): Illuminate\\Container\\Util::unwrapIfClosure(Object(Closure))
#17 C:\\Users\\Tolga\\Desktop\\PhpNext\\apiserver\\vendor\\illuminate\\container\\BoundMethod.php(37): Illuminate\\Container\\BoundMethod::callBoundMethod(Object(Laravel\\Lumen\\Application), Array, Object(Closure))
#18 C:\\Users\\Tolga\\Desktop\\PhpNext\\apiserver\\vendor\\illuminate\\container\\Container.php(653): Illuminate\\Container\\BoundMethod::call(Object(Laravel\\Lumen\\Application), Array, Array, NULL)
#19 C:\\Users\\Tolga\\Desktop\\PhpNext\\apiserver\\vendor\\laravel\\lumen-framework\\src\\Concerns\\RoutesRequests.php(389): Illuminate\\Container\\Container->call(Array, Array)
#20 C:\\Users\\Tolga\\Desktop\\PhpNext\\apiserver\\vendor\\laravel\\lumen-framework\\src\\Concerns\\RoutesRequests.php(355): Laravel\\Lumen\\Application->callControllerCallable(Array, Array)
#21 C:\\Users\\Tolga\\Desktop\\PhpNext\\apiserver\\vendor\\laravel\\lumen-framework\\src\\Concerns\\RoutesRequests.php(329): Laravel\\Lumen\\Application->callLumenController(Object(App\\Http\\Controllers\\NewsController), 'getNews', Array)
#22 C:\\Users\\Tolga\\Desktop\\PhpNext\\apiserver\\vendor\\laravel\\lumen-framework\\src\\Concerns\\RoutesRequests.php(282): Laravel\\Lumen\\Application->callControllerAction(Array)
#23 C:\\Users\\Tolga\\Desktop\\PhpNext\\apiserver\\vendor\\laravel\\lumen-framework\\src\\Concerns\\RoutesRequests.php(267): Laravel\\Lumen\\Application->callActionOnArrayBasedRoute(Array)
#24 C:\\Users\\Tolga\\Desktop\\PhpNext\\apiserver\\vendor\\laravel\\lumen-framework\\src\\Concerns\\RoutesRequests.php(237): Laravel\\Lumen\\Application->handleFoundRoute(Array)
#25 C:\\Users\\Tolga\\Desktop\\PhpNext\\apiserver\\vendor\\laravel\\lumen-framework\\src\\Concerns\\RoutesRequests.php(173): Laravel\\Lumen\\Application->handleDispatcherResponse(Array)
#26 C:\\Users\\Tolga\\Desktop\\PhpNext\\apiserver\\vendor\\laravel\\lumen-framework\\src\\Routing\\Pipeline.php(48): Laravel\\Lumen\\Application->Laravel\\Lumen\\Concerns\\{closure}(Object(Laravel\\Lumen\\Http\\Request))
#27 C:\\Users\\Tolga\\Desktop\\PhpNext\\apiserver\\app\\Http\\Middleware\\CorsMiddleware.php(29): Laravel\\Lumen\\Routing\\Pipeline->Laravel\\Lumen\\Routing\\{closure}(Object(Laravel\\Lumen\\Http\\Request))
#28 C:\\Users\\Tolga\\Desktop\\PhpNext\\apiserver\\vendor\\illuminate\\pipeline\\Pipeline.php(180): App\\Http\\Middleware\\CorsMiddleware->handle(Object(Laravel\\Lumen\\Http\\Request), Object(Closure))
#29 C:\\Users\\Tolga\\Desktop\\PhpNext\\apiserver\\vendor\\laravel\\lumen-framework\\src\\Routing\\Pipeline.php(30): Illuminate\\Pipeline\\Pipeline->Illuminate\\Pipeline\\{closure}(Object(Laravel\\Lumen\\Http\\Request))
#30 C:\\Users\\Tolga\\Desktop\\PhpNext\\apiserver\\vendor\\illuminate\\pipeline\\Pipeline.php(116): Laravel\\Lumen\\Routing\\Pipeline->Laravel\\Lumen\\Routing\\{closure}(Object(Laravel\\Lumen\\Http\\Request))
#31 C:\\Users\\Tolga\\Desktop\\PhpNext\\apiserver\\vendor\\laravel\\lumen-framework\\src\\Concerns\\RoutesRequests.php(426): Illuminate\\Pipeline\\Pipeline->then(Object(Closure))
#32 C:\\Users\\Tolga\\Desktop\\PhpNext\\apiserver\\vendor\\laravel\\lumen-framework\\src\\Concerns\\RoutesRequests.php(175): Laravel\\Lumen\\Application->sendThroughPipeline(Array, Object(Closure))
#33 C:\\Users\\Tolga\\Desktop\\PhpNext\\apiserver\\vendor\\laravel\\lumen-framework\\src\\Concerns\\RoutesRequests.php(112): Laravel\\Lumen\\Application->dispatch(NULL)
#34 C:\\Users\\Tolga\\Desktop\\PhpNext\\apiserver\\public\\index.php(28): Laravel\\Lumen\\Application->run()
#35 {main}

[previous exception] [object] (PDOException(code: 22P02): SQLSTATE[22P02]: Invalid text representation: 7 ERROR:  invalid input syntax for type bigint: \"undefined\"
CONTEXT:  unnamed portal parameter $1 = '...' at C:\\Users\\Tolga\\Desktop\\PhpNext\\apiserver\\vendor\\illuminate\\database\\Connection.php:373)
[stacktrace]
#0 C:\\Users\\Tolga\\Desktop\\PhpNext\\apiserver\\vendor\\illuminate\\database\\Connection.php(373): PDOStatement->execute()
#1 C:\\Users\\Tolga\\Desktop\\PhpNext\\apiserver\\vendor\\illuminate\\database\\Connection.php(709): Illuminate\\Database\\Connection->Illuminate\\Database\\{closure}('select * from \"...', Array)
#2 C:\\Users\\Tolga\\Desktop\\PhpNext\\apiserver\\vendor\\illuminate\\database\\Connection.php(676): Illuminate\\Database\\Connection->runQueryCallback('select * from \"...', Array, Object(Closure))
#3 C:\\Users\\Tolga\\Desktop\\PhpNext\\apiserver\\vendor\\illuminate\\database\\Connection.php(376): Illuminate\\Database\\Connection->run('select * from \"...', Array, Object(Closure))
#4 C:\\Users\\Tolga\\Desktop\\PhpNext\\apiserver\\vendor\\illuminate\\database\\Query\\Builder.php(2556): Illuminate\\Database\\Connection->select('select * from \"...', Array, true)
#5 C:\\Users\\Tolga\\Desktop\\PhpNext\\apiserver\\vendor\\illuminate\\database\\Query\\Builder.php(2544): Illuminate\\Database\\Query\\Builder->runSelect()
#6 C:\\Users\\Tolga\\Desktop\\PhpNext\\apiserver\\vendor\\illuminate\\database\\Query\\Builder.php(3078): Illuminate\\Database\\Query\\Builder->Illuminate\\Database\\Query\\{closure}()
#7 C:\\Users\\Tolga\\Desktop\\PhpNext\\apiserver\\vendor\\illuminate\\database\\Query\\Builder.php(2545): Illuminate\\Database\\Query\\Builder->onceWithColumns(Array, Object(Closure))
#8 C:\\Users\\Tolga\\Desktop\\PhpNext\\apiserver\\vendor\\illuminate\\database\\Eloquent\\Builder.php(675): Illuminate\\Database\\Query\\Builder->get(Array)
#9 C:\\Users\\Tolga\\Desktop\\PhpNext\\apiserver\\vendor\\illuminate\\database\\Eloquent\\Builder.php(659): Illuminate\\Database\\Eloquent\\Builder->getModels(Array)
#10 C:\\Users\\Tolga\\Desktop\\PhpNext\\apiserver\\vendor\\illuminate\\database\\Concerns\\BuildsQueries.php(296): Illuminate\\Database\\Eloquent\\Builder->get(Array)
#11 C:\\Users\\Tolga\\Desktop\\PhpNext\\apiserver\\vendor\\illuminate\\database\\Eloquent\\Builder.php(430): Illuminate\\Database\\Eloquent\\Builder->first(Array)
#12 C:\\Users\\Tolga\\Desktop\\PhpNext\\apiserver\\vendor\\illuminate\\support\\Traits\\ForwardsCalls.php(23): Illuminate\\Database\\Eloquent\\Builder->find('undefined')
#13 C:\\Users\\Tolga\\Desktop\\PhpNext\\apiserver\\vendor\\illuminate\\database\\Eloquent\\Model.php(2133): Illuminate\\Database\\Eloquent\\Model->forwardCallTo(Object(Illuminate\\Database\\Eloquent\\Builder), 'find', Array)
#14 C:\\Users\\Tolga\\Desktop\\PhpNext\\apiserver\\vendor\\illuminate\\database\\Eloquent\\Model.php(2145): Illuminate\\Database\\Eloquent\\Model->__call('find', Array)
#15 C:\\Users\\Tolga\\Desktop\\PhpNext\\apiserver\\app\\Http\\Controllers\\NewsController.php(27): Illuminate\\Database\\Eloquent\\Model::__callStatic('find', Array)
#16 C:\\Users\\Tolga\\Desktop\\PhpNext\\apiserver\\vendor\\illuminate\\container\\BoundMethod.php(36): App\\Http\\Controllers\\NewsController->getNews('undefined')
#17 C:\\Users\\Tolga\\Desktop\\PhpNext\\apiserver\\vendor\\illuminate\\container\\Util.php(41): Illuminate\\Container\\BoundMethod::Illuminate\\Container\\{closure}()
#18 C:\\Users\\Tolga\\Desktop\\PhpNext\\apiserver\\vendor\\illuminate\\container\\BoundMethod.php(93): Illuminate\\Container\\Util::unwrapIfClosure(Object(Closure))
#19 C:\\Users\\Tolga\\Desktop\\PhpNext\\apiserver\\vendor\\illuminate\\container\\BoundMethod.php(37): Illuminate\\Container\\BoundMethod::callBoundMethod(Object(Laravel\\Lumen\\Application), Array, Object(Closure))
#20 C:\\Users\\Tolga\\Desktop\\PhpNext\\apiserver\\vendor\\illuminate\\container\\Container.php(653): Illuminate\\Container\\BoundMethod::call(Object(Laravel\\Lumen\\Application), Array, Array, NULL)
#21 C:\\Users\\Tolga\\Desktop\\PhpNext\\apiserver\\vendor\\laravel\\lumen-framework\\src\\Concerns\\RoutesRequests.php(389): Illuminate\\Container\\Container->call(Array, Array)
#22 C:\\Users\\Tolga\\Desktop\\PhpNext\\apiserver\\vendor\\laravel\\lumen-framework\\src\\Concerns\\RoutesRequests.php(355): Laravel\\Lumen\\Application->callControllerCallable(Array, Array)
#23 C:\\Users\\Tolga\\Desktop\\PhpNext\\apiserver\\vendor\\laravel\\lumen-framework\\src\\Concerns\\RoutesRequests.php(329): Laravel\\Lumen\\Application->callLumenController(Object(App\\Http\\Controllers\\NewsController), 'getNews', Array)
#24 C:\\Users\\Tolga\\Desktop\\PhpNext\\apiserver\\vendor\\laravel\\lumen-framework\\src\\Concerns\\RoutesRequests.php(282): Laravel\\Lumen\\Application->callControllerAction(Array)
#25 C:\\Users\\Tolga\\Desktop\\PhpNext\\apiserver\\vendor\\laravel\\lumen-framework\\src\\Concerns\\RoutesRequests.php(267): Laravel\\Lumen\\Application->callActionOnArrayBasedRoute(Array)
#26 C:\\Users\\Tolga\\Desktop\\PhpNext\\apiserver\\vendor\\laravel\\lumen-framework\\src\\Concerns\\RoutesRequests.php(237): Laravel\\Lumen\\Application->handleFoundRoute(Array)
#27 C:\\Users\\Tolga\\Desktop\\PhpNext\\apiserver\\vendor\\laravel\\lumen-framework\\src\\Concerns\\RoutesRequests.php(173): Laravel\\Lumen\\Application->handleDispatcherResponse(Array)
#28 C:\\Users\\Tolga\\Desktop\\PhpNext\\apiserver\\vendor\\laravel\\lumen-framework\\src\\Routing\\Pipeline.php(48): Laravel\\Lumen\\Application->Laravel\\Lumen\\Concerns\\{closure}(Object(Laravel\\Lumen\\Http\\Request))
#29 C:\\Users\\Tolga\\Desktop\\PhpNext\\apiserver\\app\\Http\\Middleware\\CorsMiddleware.php(29): Laravel\\Lumen\\Routing\\Pipeline->Laravel\\Lumen\\Routing\\{closure}(Object(Laravel\\Lumen\\Http\\Request))
#30 C:\\Users\\Tolga\\Desktop\\PhpNext\\apiserver\\vendor\\illuminate\\pipeline\\Pipeline.php(180): App\\Http\\Middleware\\CorsMiddleware->handle(Object(Laravel\\Lumen\\Http\\Request), Object(Closure))
#31 C:\\Users\\Tolga\\Desktop\\PhpNext\\apiserver\\vendor\\laravel\\lumen-framework\\src\\Routing\\Pipeline.php(30): Illuminate\\Pipeline\\Pipeline->Illuminate\\Pipeline\\{closure}(Object(Laravel\\Lumen\\Http\\Request))
#32 C:\\Users\\Tolga\\Desktop\\PhpNext\\apiserver\\vendor\\illuminate\\pipeline\\Pipeline.php(116): Laravel\\Lumen\\Routing\\Pipeline->Laravel\\Lumen\\Routing\\{closure}(Object(Laravel\\Lumen\\Http\\Request))
#33 C:\\Users\\Tolga\\Desktop\\PhpNext\\apiserver\\vendor\\laravel\\lumen-framework\\src\\Concerns\\RoutesRequests.php(426): Illuminate\\Pipeline\\Pipeline->then(Object(Closure))
#34 C:\\Users\\Tolga\\Desktop\\PhpNext\\apiserver\\vendor\\laravel\\lumen-framework\\src\\Concerns\\RoutesRequests.php(175): Laravel\\Lumen\\Application->sendThroughPipeline(Array, Object(Closure))
#35 C:\\Users\\Tolga\\Desktop\\PhpNext\\apiserver\\vendor\\laravel\\lumen-framework\\src\\Concerns\\RoutesRequests.php(112): Laravel\\Lumen\\Application->dispatch(NULL)
#36 C:\\Users\\Tolga\\Desktop\\PhpNext\\apiserver\\public\\index.php(28): Laravel\\Lumen\\Application->run()
#37 {main}
"} 
[2022-03-20 21:33:52] local.ERROR: SQLSTATE[22P02]: Invalid text representation: 7 ERROR:  invalid input syntax for type bigint: "2,3"
CONTEXT:  unnamed portal parameter $1 = '...' (SQL: select * from "news" where "news"."id" = 2,3 limit 1) {"exception":"[object] (Illuminate\\Database\\QueryException(code: 22P02): SQLSTATE[22P02]: Invalid text representation: 7 ERROR:  invalid input syntax for type bigint: \"2,3\"
CONTEXT:  unnamed portal parameter $1 = '...' (SQL: select * from \"news\" where \"news\".\"id\" = 2,3 limit 1) at C:\\Users\\Tolga\\Desktop\\PhpNext\\apiserver\\vendor\\illuminate\\database\\Connection.php:716)
[stacktrace]
#0 C:\\Users\\Tolga\\Desktop\\PhpNext\\apiserver\\vendor\\illuminate\\database\\Connection.php(676): Illuminate\\Database\\Connection->runQueryCallback('select * from \"...', Array, Object(Closure))
#1 C:\\Users\\Tolga\\Desktop\\PhpNext\\apiserver\\vendor\\illuminate\\database\\Connection.php(376): Illuminate\\Database\\Connection->run('select * from \"...', Array, Object(Closure))
#2 C:\\Users\\Tolga\\Desktop\\PhpNext\\apiserver\\vendor\\illuminate\\database\\Query\\Builder.php(2556): Illuminate\\Database\\Connection->select('select * from \"...', Array, true)
#3 C:\\Users\\Tolga\\Desktop\\PhpNext\\apiserver\\vendor\\illuminate\\database\\Query\\Builder.php(2544): Illuminate\\Database\\Query\\Builder->runSelect()
#4 C:\\Users\\Tolga\\Desktop\\PhpNext\\apiserver\\vendor\\illuminate\\database\\Query\\Builder.php(3078): Illuminate\\Database\\Query\\Builder->Illuminate\\Database\\Query\\{closure}()
#5 C:\\Users\\Tolga\\Desktop\\PhpNext\\apiserver\\vendor\\illuminate\\database\\Query\\Builder.php(2545): Illuminate\\Database\\Query\\Builder->onceWithColumns(Array, Object(Closure))
#6 C:\\Users\\Tolga\\Desktop\\PhpNext\\apiserver\\vendor\\illuminate\\database\\Eloquent\\Builder.php(675): Illuminate\\Database\\Query\\Builder->get(Array)
#7 C:\\Users\\Tolga\\Desktop\\PhpNext\\apiserver\\vendor\\illuminate\\database\\Eloquent\\Builder.php(659): Illuminate\\Database\\Eloquent\\Builder->getModels(Array)
#8 C:\\Users\\Tolga\\Desktop\\PhpNext\\apiserver\\vendor\\illuminate\\database\\Concerns\\BuildsQueries.php(296): Illuminate\\Database\\Eloquent\\Builder->get(Array)
#9 C:\\Users\\Tolga\\Desktop\\PhpNext\\apiserver\\vendor\\illuminate\\database\\Eloquent\\Builder.php(430): Illuminate\\Database\\Eloquent\\Builder->first(Array)
#10 C:\\Users\\Tolga\\Desktop\\PhpNext\\apiserver\\vendor\\illuminate\\support\\Traits\\ForwardsCalls.php(23): Illuminate\\Database\\Eloquent\\Builder->find('2,3')
#11 C:\\Users\\Tolga\\Desktop\\PhpNext\\apiserver\\vendor\\illuminate\\database\\Eloquent\\Model.php(2133): Illuminate\\Database\\Eloquent\\Model->forwardCallTo(Object(Illuminate\\Database\\Eloquent\\Builder), 'find', Array)
#12 C:\\Users\\Tolga\\Desktop\\PhpNext\\apiserver\\vendor\\illuminate\\database\\Eloquent\\Model.php(2145): Illuminate\\Database\\Eloquent\\Model->__call('find', Array)
#13 C:\\Users\\Tolga\\Desktop\\PhpNext\\apiserver\\app\\Http\\Controllers\\NewsController.php(27): Illuminate\\Database\\Eloquent\\Model::__callStatic('find', Array)
#14 C:\\Users\\Tolga\\Desktop\\PhpNext\\apiserver\\vendor\\illuminate\\container\\BoundMethod.php(36): App\\Http\\Controllers\\NewsController->getNews('2,3')
#15 C:\\Users\\Tolga\\Desktop\\PhpNext\\apiserver\\vendor\\illuminate\\container\\Util.php(41): Illuminate\\Container\\BoundMethod::Illuminate\\Container\\{closure}()
#16 C:\\Users\\Tolga\\Desktop\\PhpNext\\apiserver\\vendor\\illuminate\\container\\BoundMethod.php(93): Illuminate\\Container\\Util::unwrapIfClosure(Object(Closure))
#17 C:\\Users\\Tolga\\Desktop\\PhpNext\\apiserver\\vendor\\illuminate\\container\\BoundMethod.php(37): Illuminate\\Container\\BoundMethod::callBoundMethod(Object(Laravel\\Lumen\\Application), Array, Object(Closure))
#18 C:\\Users\\Tolga\\Desktop\\PhpNext\\apiserver\\vendor\\illuminate\\container\\Container.php(653): Illuminate\\Container\\BoundMethod::call(Object(Laravel\\Lumen\\Application), Array, Array, NULL)
#19 C:\\Users\\Tolga\\Desktop\\PhpNext\\apiserver\\vendor\\laravel\\lumen-framework\\src\\Concerns\\RoutesRequests.php(389): Illuminate\\Container\\Container->call(Array, Array)
#20 C:\\Users\\Tolga\\Desktop\\PhpNext\\apiserver\\vendor\\laravel\\lumen-framework\\src\\Concerns\\RoutesRequests.php(355): Laravel\\Lumen\\Application->callControllerCallable(Array, Array)
#21 C:\\Users\\Tolga\\Desktop\\PhpNext\\apiserver\\vendor\\laravel\\lumen-framework\\src\\Concerns\\RoutesRequests.php(329): Laravel\\Lumen\\Application->callLumenController(Object(App\\Http\\Controllers\\NewsController), 'getNews', Array)
#22 C:\\Users\\Tolga\\Desktop\\PhpNext\\apiserver\\vendor\\laravel\\lumen-framework\\src\\Concerns\\RoutesRequests.php(282): Laravel\\Lumen\\Application->callControllerAction(Array)
#23 C:\\Users\\Tolga\\Desktop\\PhpNext\\apiserver\\vendor\\laravel\\lumen-framework\\src\\Concerns\\RoutesRequests.php(267): Laravel\\Lumen\\Application->callActionOnArrayBasedRoute(Array)
#24 C:\\Users\\Tolga\\Desktop\\PhpNext\\apiserver\\vendor\\laravel\\lumen-framework\\src\\Concerns\\RoutesRequests.php(237): Laravel\\Lumen\\Application->handleFoundRoute(Array)
#25 C:\\Users\\Tolga\\Desktop\\PhpNext\\apiserver\\vendor\\laravel\\lumen-framework\\src\\Concerns\\RoutesRequests.php(173): Laravel\\Lumen\\Application->handleDispatcherResponse(Array)
#26 C:\\Users\\Tolga\\Desktop\\PhpNext\\apiserver\\vendor\\laravel\\lumen-framework\\src\\Routing\\Pipeline.php(48): Laravel\\Lumen\\Application->Laravel\\Lumen\\Concerns\\{closure}(Object(Laravel\\Lumen\\Http\\Request))
#27 C:\\Users\\Tolga\\Desktop\\PhpNext\\apiserver\\app\\Http\\Middleware\\CorsMiddleware.php(29): Laravel\\Lumen\\Routing\\Pipeline->Laravel\\Lumen\\Routing\\{closure}(Object(Laravel\\Lumen\\Http\\Request))
#28 C:\\Users\\Tolga\\Desktop\\PhpNext\\apiserver\\vendor\\illuminate\\pipeline\\Pipeline.php(180): App\\Http\\Middleware\\CorsMiddleware->handle(Object(Laravel\\Lumen\\Http\\Request), Object(Closure))
#29 C:\\Users\\Tolga\\Desktop\\PhpNext\\apiserver\\vendor\\laravel\\lumen-framework\\src\\Routing\\Pipeline.php(30): Illuminate\\Pipeline\\Pipeline->Illuminate\\Pipeline\\{closure}(Object(Laravel\\Lumen\\Http\\Request))
#30 C:\\Users\\Tolga\\Desktop\\PhpNext\\apiserver\\vendor\\illuminate\\pipeline\\Pipeline.php(116): Laravel\\Lumen\\Routing\\Pipeline->Laravel\\Lumen\\Routing\\{closure}(Object(Laravel\\Lumen\\Http\\Request))
#31 C:\\Users\\Tolga\\Desktop\\PhpNext\\apiserver\\vendor\\laravel\\lumen-framework\\src\\Concerns\\RoutesRequests.php(426): Illuminate\\Pipeline\\Pipeline->then(Object(Closure))
#32 C:\\Users\\Tolga\\Desktop\\PhpNext\\apiserver\\vendor\\laravel\\lumen-framework\\src\\Concerns\\RoutesRequests.php(175): Laravel\\Lumen\\Application->sendThroughPipeline(Array, Object(Closure))
#33 C:\\Users\\Tolga\\Desktop\\PhpNext\\apiserver\\vendor\\laravel\\lumen-framework\\src\\Concerns\\RoutesRequests.php(112): Laravel\\Lumen\\Application->dispatch(NULL)
#34 C:\\Users\\Tolga\\Desktop\\PhpNext\\apiserver\\public\\index.php(28): Laravel\\Lumen\\Application->run()
#35 {main}

[previous exception] [object] (PDOException(code: 22P02): SQLSTATE[22P02]: Invalid text representation: 7 ERROR:  invalid input syntax for type bigint: \"2,3\"
CONTEXT:  unnamed portal parameter $1 = '...' at C:\\Users\\Tolga\\Desktop\\PhpNext\\apiserver\\vendor\\illuminate\\database\\Connection.php:373)
[stacktrace]
#0 C:\\Users\\Tolga\\Desktop\\PhpNext\\apiserver\\vendor\\illuminate\\database\\Connection.php(373): PDOStatement->execute()
#1 C:\\Users\\Tolga\\Desktop\\PhpNext\\apiserver\\vendor\\illuminate\\database\\Connection.php(709): Illuminate\\Database\\Connection->Illuminate\\Database\\{closure}('select * from \"...', Array)
#2 C:\\Users\\Tolga\\Desktop\\PhpNext\\apiserver\\vendor\\illuminate\\database\\Connection.php(676): Illuminate\\Database\\Connection->runQueryCallback('select * from \"...', Array, Object(Closure))
#3 C:\\Users\\Tolga\\Desktop\\PhpNext\\apiserver\\vendor\\illuminate\\database\\Connection.php(376): Illuminate\\Database\\Connection->run('select * from \"...', Array, Object(Closure))
#4 C:\\Users\\Tolga\\Desktop\\PhpNext\\apiserver\\vendor\\illuminate\\database\\Query\\Builder.php(2556): Illuminate\\Database\\Connection->select('select * from \"...', Array, true)
#5 C:\\Users\\Tolga\\Desktop\\PhpNext\\apiserver\\vendor\\illuminate\\database\\Query\\Builder.php(2544): Illuminate\\Database\\Query\\Builder->runSelect()
#6 C:\\Users\\Tolga\\Desktop\\PhpNext\\apiserver\\vendor\\illuminate\\database\\Query\\Builder.php(3078): Illuminate\\Database\\Query\\Builder->Illuminate\\Database\\Query\\{closure}()
#7 C:\\Users\\Tolga\\Desktop\\PhpNext\\apiserver\\vendor\\illuminate\\database\\Query\\Builder.php(2545): Illuminate\\Database\\Query\\Builder->onceWithColumns(Array, Object(Closure))
#8 C:\\Users\\Tolga\\Desktop\\PhpNext\\apiserver\\vendor\\illuminate\\database\\Eloquent\\Builder.php(675): Illuminate\\Database\\Query\\Builder->get(Array)
#9 C:\\Users\\Tolga\\Desktop\\PhpNext\\apiserver\\vendor\\illuminate\\database\\Eloquent\\Builder.php(659): Illuminate\\Database\\Eloquent\\Builder->getModels(Array)
#10 C:\\Users\\Tolga\\Desktop\\PhpNext\\apiserver\\vendor\\illuminate\\database\\Concerns\\BuildsQueries.php(296): Illuminate\\Database\\Eloquent\\Builder->get(Array)
#11 C:\\Users\\Tolga\\Desktop\\PhpNext\\apiserver\\vendor\\illuminate\\database\\Eloquent\\Builder.php(430): Illuminate\\Database\\Eloquent\\Builder->first(Array)
#12 C:\\Users\\Tolga\\Desktop\\PhpNext\\apiserver\\vendor\\illuminate\\support\\Traits\\ForwardsCalls.php(23): Illuminate\\Database\\Eloquent\\Builder->find('2,3')
#13 C:\\Users\\Tolga\\Desktop\\PhpNext\\apiserver\\vendor\\illuminate\\database\\Eloquent\\Model.php(2133): Illuminate\\Database\\Eloquent\\Model->forwardCallTo(Object(Illuminate\\Database\\Eloquent\\Builder), 'find', Array)
#14 C:\\Users\\Tolga\\Desktop\\PhpNext\\apiserver\\vendor\\illuminate\\database\\Eloquent\\Model.php(2145): Illuminate\\Database\\Eloquent\\Model->__call('find', Array)
#15 C:\\Users\\Tolga\\Desktop\\PhpNext\\apiserver\\app\\Http\\Controllers\\NewsController.php(27): Illuminate\\Database\\Eloquent\\Model::__callStatic('find', Array)
#16 C:\\Users\\Tolga\\Desktop\\PhpNext\\apiserver\\vendor\\illuminate\\container\\BoundMethod.php(36): App\\Http\\Controllers\\NewsController->getNews('2,3')
#17 C:\\Users\\Tolga\\Desktop\\PhpNext\\apiserver\\vendor\\illuminate\\container\\Util.php(41): Illuminate\\Container\\BoundMethod::Illuminate\\Container\\{closure}()
#18 C:\\Users\\Tolga\\Desktop\\PhpNext\\apiserver\\vendor\\illuminate\\container\\BoundMethod.php(93): Illuminate\\Container\\Util::unwrapIfClosure(Object(Closure))
#19 C:\\Users\\Tolga\\Desktop\\PhpNext\\apiserver\\vendor\\illuminate\\container\\BoundMethod.php(37): Illuminate\\Container\\BoundMethod::callBoundMethod(Object(Laravel\\Lumen\\Application), Array, Object(Closure))
#20 C:\\Users\\Tolga\\Desktop\\PhpNext\\apiserver\\vendor\\illuminate\\container\\Container.php(653): Illuminate\\Container\\BoundMethod::call(Object(Laravel\\Lumen\\Application), Array, Array, NULL)
#21 C:\\Users\\Tolga\\Desktop\\PhpNext\\apiserver\\vendor\\laravel\\lumen-framework\\src\\Concerns\\RoutesRequests.php(389): Illuminate\\Container\\Container->call(Array, Array)
#22 C:\\Users\\Tolga\\Desktop\\PhpNext\\apiserver\\vendor\\laravel\\lumen-framework\\src\\Concerns\\RoutesRequests.php(355): Laravel\\Lumen\\Application->callControllerCallable(Array, Array)
#23 C:\\Users\\Tolga\\Desktop\\PhpNext\\apiserver\\vendor\\laravel\\lumen-framework\\src\\Concerns\\RoutesRequests.php(329): Laravel\\Lumen\\Application->callLumenController(Object(App\\Http\\Controllers\\NewsController), 'getNews', Array)
#24 C:\\Users\\Tolga\\Desktop\\PhpNext\\apiserver\\vendor\\laravel\\lumen-framework\\src\\Concerns\\RoutesRequests.php(282): Laravel\\Lumen\\Application->callControllerAction(Array)
#25 C:\\Users\\Tolga\\Desktop\\PhpNext\\apiserver\\vendor\\laravel\\lumen-framework\\src\\Concerns\\RoutesRequests.php(267): Laravel\\Lumen\\Application->callActionOnArrayBasedRoute(Array)
#26 C:\\Users\\Tolga\\Desktop\\PhpNext\\apiserver\\vendor\\laravel\\lumen-framework\\src\\Concerns\\RoutesRequests.php(237): Laravel\\Lumen\\Application->handleFoundRoute(Array)
#27 C:\\Users\\Tolga\\Desktop\\PhpNext\\apiserver\\vendor\\laravel\\lumen-framework\\src\\Concerns\\RoutesRequests.php(173): Laravel\\Lumen\\Application->handleDispatcherResponse(Array)
#28 C:\\Users\\Tolga\\Desktop\\PhpNext\\apiserver\\vendor\\laravel\\lumen-framework\\src\\Routing\\Pipeline.php(48): Laravel\\Lumen\\Application->Laravel\\Lumen\\Concerns\\{closure}(Object(Laravel\\Lumen\\Http\\Request))
#29 C:\\Users\\Tolga\\Desktop\\PhpNext\\apiserver\\app\\Http\\Middleware\\CorsMiddleware.php(29): Laravel\\Lumen\\Routing\\Pipeline->Laravel\\Lumen\\Routing\\{closure}(Object(Laravel\\Lumen\\Http\\Request))
#30 C:\\Users\\Tolga\\Desktop\\PhpNext\\apiserver\\vendor\\illuminate\\pipeline\\Pipeline.php(180): App\\Http\\Middleware\\CorsMiddleware->handle(Object(Laravel\\Lumen\\Http\\Request), Object(Closure))
#31 C:\\Users\\Tolga\\Desktop\\PhpNext\\apiserver\\vendor\\laravel\\lumen-framework\\src\\Routing\\Pipeline.php(30): Illuminate\\Pipeline\\Pipeline->Illuminate\\Pipeline\\{closure}(Object(Laravel\\Lumen\\Http\\Request))
#32 C:\\Users\\Tolga\\Desktop\\PhpNext\\apiserver\\vendor\\illuminate\\pipeline\\Pipeline.php(116): Laravel\\Lumen\\Routing\\Pipeline->Laravel\\Lumen\\Routing\\{closure}(Object(Laravel\\Lumen\\Http\\Request))
#33 C:\\Users\\Tolga\\Desktop\\PhpNext\\apiserver\\vendor\\laravel\\lumen-framework\\src\\Concerns\\RoutesRequests.php(426): Illuminate\\Pipeline\\Pipeline->then(Object(Closure))
#34 C:\\Users\\Tolga\\Desktop\\PhpNext\\apiserver\\vendor\\laravel\\lumen-framework\\src\\Concerns\\RoutesRequests.php(175): Laravel\\Lumen\\Application->sendThroughPipeline(Array, Object(Closure))
#35 C:\\Users\\Tolga\\Desktop\\PhpNext\\apiserver\\vendor\\laravel\\lumen-framework\\src\\Concerns\\RoutesRequests.php(112): Laravel\\Lumen\\Application->dispatch(NULL)
#36 C:\\Users\\Tolga\\Desktop\\PhpNext\\apiserver\\public\\index.php(28): Laravel\\Lumen\\Application->run()
#37 {main}
"} 
