[2022-03-19 19:59:35] local.ERROR: Method Illuminate\Database\Schema\Blueprint::strig does not exist. {"exception":"[object] (BadMethodCallException(code: 0): Method Illuminate\\Database\\Schema\\Blueprint::strig does not exist. at C:\\Users\\Tolga\\Desktop\\PhpNext\\apiserver\\vendor\\illuminate\\macroable\\Traits\\Macroable.php:113)
[stacktrace]
#0 C:\\Users\\Tolga\\Desktop\\PhpNext\\apiserver\\database\\migrations\\2022_03_19_195631_create_news_table.php(18): Illuminate\\Database\\Schema\\Blueprint->__call('strig', Array)
#1 C:\\Users\\Tolga\\Desktop\\PhpNext\\apiserver\\vendor\\illuminate\\database\\Schema\\Builder.php(226): Illuminate\\Database\\Migrations\\Migration@anonymous->{closure}(Object(Illuminate\\Database\\Schema\\Blueprint))
#2 C:\\Users\\Tolga\\Desktop\\PhpNext\\apiserver\\vendor\\illuminate\\support\\helpers.php(302): Illuminate\\Database\\Schema\\Builder->Illuminate\\Database\\Schema\\{closure}(Object(Illuminate\\Database\\Schema\\Blueprint))
#3 C:\\Users\\Tolga\\Desktop\\PhpNext\\apiserver\\vendor\\illuminate\\database\\Schema\\Builder.php(227): tap(Object(Illuminate\\Database\\Schema\\Blueprint), Object(Closure))
#4 C:\\Users\\Tolga\\Desktop\\PhpNext\\apiserver\\vendor\\illuminate\\support\\Facades\\Facade.php(337): Illuminate\\Database\\Schema\\Builder->create('news', Object(Closure))
#5 C:\\Users\\Tolga\\Desktop\\PhpNext\\apiserver\\database\\migrations\\2022_03_19_195631_create_news_table.php(23): Illuminate\\Support\\Facades\\Facade::__callStatic('create', Array)
#6 C:\\Users\\Tolga\\Desktop\\PhpNext\\apiserver\\vendor\\illuminate\\database\\Migrations\\Migrator.php(472): Illuminate\\Database\\Migrations\\Migration@anonymous->up()
#7 C:\\Users\\Tolga\\Desktop\\PhpNext\\apiserver\\vendor\\illuminate\\database\\Migrations\\Migrator.php(394): Illuminate\\Database\\Migrations\\Migrator->runMethod(Object(Illuminate\\Database\\PostgresConnection), Object(Illuminate\\Database\\Migrations\\Migration@anonymous), 'up')
#8 C:\\Users\\Tolga\\Desktop\\PhpNext\\apiserver\\vendor\\illuminate\\database\\Concerns\\ManagesTransactions.php(29): Illuminate\\Database\\Migrations\\Migrator->Illuminate\\Database\\Migrations\\{closure}(Object(Illuminate\\Database\\PostgresConnection))
#9 C:\\Users\\Tolga\\Desktop\\PhpNext\\apiserver\\vendor\\illuminate\\database\\Migrations\\Migrator.php(402): Illuminate\\Database\\Connection->transaction(Object(Closure))
#10 C:\\Users\\Tolga\\Desktop\\PhpNext\\apiserver\\vendor\\illuminate\\database\\Migrations\\Migrator.php(202): Illuminate\\Database\\Migrations\\Migrator->runMigration(Object(Illuminate\\Database\\Migrations\\Migration@anonymous), 'up')
#11 C:\\Users\\Tolga\\Desktop\\PhpNext\\apiserver\\vendor\\illuminate\\database\\Migrations\\Migrator.php(167): Illuminate\\Database\\Migrations\\Migrator->runUp('C:\\\\Users\\\\Tolga\\\\...', 1, false)
#12 C:\\Users\\Tolga\\Desktop\\PhpNext\\apiserver\\vendor\\illuminate\\database\\Migrations\\Migrator.php(112): Illuminate\\Database\\Migrations\\Migrator->runPending(Array, Array)
#13 C:\\Users\\Tolga\\Desktop\\PhpNext\\apiserver\\vendor\\illuminate\\database\\Console\\Migrations\\MigrateCommand.php(85): Illuminate\\Database\\Migrations\\Migrator->run(Array, Array)
#14 C:\\Users\\Tolga\\Desktop\\PhpNext\\apiserver\\vendor\\illuminate\\database\\Migrations\\Migrator.php(606): Illuminate\\Database\\Console\\Migrations\\MigrateCommand->Illuminate\\Database\\Console\\Migrations\\{closure}()
#15 C:\\Users\\Tolga\\Desktop\\PhpNext\\apiserver\\vendor\\illuminate\\database\\Console\\Migrations\\MigrateCommand.php(94): Illuminate\\Database\\Migrations\\Migrator->usingConnection(NULL, Object(Closure))
#16 C:\\Users\\Tolga\\Desktop\\PhpNext\\apiserver\\vendor\\illuminate\\container\\BoundMethod.php(36): Illuminate\\Database\\Console\\Migrations\\MigrateCommand->handle()
#17 C:\\Users\\Tolga\\Desktop\\PhpNext\\apiserver\\vendor\\illuminate\\container\\Util.php(41): Illuminate\\Container\\BoundMethod::Illuminate\\Container\\{closure}()
#18 C:\\Users\\Tolga\\Desktop\\PhpNext\\apiserver\\vendor\\illuminate\\container\\BoundMethod.php(93): Illuminate\\Container\\Util::unwrapIfClosure(Object(Closure))
#19 C:\\Users\\Tolga\\Desktop\\PhpNext\\apiserver\\vendor\\illuminate\\container\\BoundMethod.php(37): Illuminate\\Container\\BoundMethod::callBoundMethod(Object(Laravel\\Lumen\\Application), Array, Object(Closure))
#20 C:\\Users\\Tolga\\Desktop\\PhpNext\\apiserver\\vendor\\illuminate\\container\\Container.php(653): Illuminate\\Container\\BoundMethod::call(Object(Laravel\\Lumen\\Application), Array, Array, NULL)
#21 C:\\Users\\Tolga\\Desktop\\PhpNext\\apiserver\\vendor\\illuminate\\console\\Command.php(136): Illuminate\\Container\\Container->call(Array)
#22 C:\\Users\\Tolga\\Desktop\\PhpNext\\apiserver\\vendor\\symfony\\console\\Command\\Command.php(291): Illuminate\\Console\\Command->execute(Object(Symfony\\Component\\Console\\Input\\ArgvInput), Object(Illuminate\\Console\\OutputStyle))
#23 C:\\Users\\Tolga\\Desktop\\PhpNext\\apiserver\\vendor\\illuminate\\console\\Command.php(121): Symfony\\Component\\Console\\Command\\Command->run(Object(Symfony\\Component\\Console\\Input\\ArgvInput), Object(Illuminate\\Console\\OutputStyle))
#24 C:\\Users\\Tolga\\Desktop\\PhpNext\\apiserver\\vendor\\symfony\\console\\Application.php(989): Illuminate\\Console\\Command->run(Object(Symfony\\Component\\Console\\Input\\ArgvInput), Object(Symfony\\Component\\Console\\Output\\ConsoleOutput))
#25 C:\\Users\\Tolga\\Desktop\\PhpNext\\apiserver\\vendor\\symfony\\console\\Application.php(299): Symfony\\Component\\Console\\Application->doRunCommand(Object(Illuminate\\Database\\Console\\Migrations\\MigrateCommand), Object(Symfony\\Component\\Console\\Input\\ArgvInput), Object(Symfony\\Component\\Console\\Output\\ConsoleOutput))
#26 C:\\Users\\Tolga\\Desktop\\PhpNext\\apiserver\\vendor\\symfony\\console\\Application.php(171): Symfony\\Component\\Console\\Application->doRun(Object(Symfony\\Component\\Console\\Input\\ArgvInput), Object(Symfony\\Component\\Console\\Output\\ConsoleOutput))
#27 C:\\Users\\Tolga\\Desktop\\PhpNext\\apiserver\\vendor\\illuminate\\console\\Application.php(102): Symfony\\Component\\Console\\Application->run(Object(Symfony\\Component\\Console\\Input\\ArgvInput), Object(Symfony\\Component\\Console\\Output\\ConsoleOutput))
#28 C:\\Users\\Tolga\\Desktop\\PhpNext\\apiserver\\vendor\\laravel\\lumen-framework\\src\\Console\\Kernel.php(116): Illuminate\\Console\\Application->run(Object(Symfony\\Component\\Console\\Input\\ArgvInput), Object(Symfony\\Component\\Console\\Output\\ConsoleOutput))
#29 C:\\Users\\Tolga\\Desktop\\PhpNext\\apiserver\\artisan(35): Laravel\\Lumen\\Console\\Kernel->handle(Object(Symfony\\Component\\Console\\Input\\ArgvInput), Object(Symfony\\Component\\Console\\Output\\ConsoleOutput))
#30 {main}
"} 
